<?xml version="1.0" encoding="UTF-8"?>
<!-- Generated by org.testng.reporters.JUnitReportReporter -->
<testsuite hostname="LTIN464257" failures="0" tests="1" name="seleniumbasicprograms.AzureTest" time="7.616" errors="0" timestamp="2024-05-30T17:36:08 IST" skipped="0">
  <testcase classname="seleniumbasicprograms.AzureTest" name="azureTestExecution" time="7.616"/>
  <system-out/>
</testsuite> <!-- seleniumbasicprograms.AzureTest -->
